CRITICAL - 2025-09-16 07:44:30 --> CodeIgniter\Filters\Exceptions\FilterException: "auth" filter must have a matching alias defined.
[Method: GET, Route: home]
in SYSTEMPATH\Filters\Filters.php on line 590.
 1 SYSTEMPATH\Filters\Filters.php(590): CodeIgniter\Filters\Exceptions\FilterException::forNoAlias('auth')
 2 SYSTEMPATH\Filters\Filters.php(641): CodeIgniter\Filters\Filters->enableFilter('auth', 'before')
 3 SYSTEMPATH\CodeIgniter.php(467): CodeIgniter\Filters\Filters->enableFilters([...], 'before')
 4 SYSTEMPATH\CodeIgniter.php(354): CodeIgniter\CodeIgniter->handleRequest(null, Object(Config\Cache), false)
 5 SYSTEMPATH\Boot.php(363): CodeIgniter\CodeIgniter->run()
 6 SYSTEMPATH\Boot.php(68): CodeIgniter\Boot::runCodeIgniter(Object(CodeIgniter\CodeIgniter))
 7 FCPATH\index.php(59): CodeIgniter\Boot::bootWeb(Object(Config\Paths))
 8 SYSTEMPATH\rewrite.php(44): require_once('C:\\Users\\Lenovo\\OneDrive - Politeknik Negeri Bandung\\Personal Document\\JTK\\Semester-3\\Proyek-3\\Proyek-3\\Mission-3\\public\\index.php')
CRITICAL - 2025-09-16 07:45:12 --> CodeIgniter\Filters\Exceptions\FilterException: "auth" filter must have a matching alias defined.
[Method: GET, Route: mahasiswa]
in SYSTEMPATH\Filters\Filters.php on line 590.
 1 SYSTEMPATH\Filters\Filters.php(590): CodeIgniter\Filters\Exceptions\FilterException::forNoAlias('auth')
 2 SYSTEMPATH\Filters\Filters.php(641): CodeIgniter\Filters\Filters->enableFilter('auth', 'before')
 3 SYSTEMPATH\CodeIgniter.php(467): CodeIgniter\Filters\Filters->enableFilters([...], 'before')
 4 SYSTEMPATH\CodeIgniter.php(354): CodeIgniter\CodeIgniter->handleRequest(null, Object(Config\Cache), false)
 5 SYSTEMPATH\Boot.php(363): CodeIgniter\CodeIgniter->run()
 6 SYSTEMPATH\Boot.php(68): CodeIgniter\Boot::runCodeIgniter(Object(CodeIgniter\CodeIgniter))
 7 FCPATH\index.php(59): CodeIgniter\Boot::bootWeb(Object(Config\Paths))
 8 SYSTEMPATH\rewrite.php(44): require_once('C:\\Users\\Lenovo\\OneDrive - Politeknik Negeri Bandung\\Personal Document\\JTK\\Semester-3\\Proyek-3\\Proyek-3\\Mission-3\\public\\index.php')
CRITICAL - 2025-09-16 07:45:26 --> CodeIgniter\Session\Exceptions\SessionException: Session: Configured save path "C:\Users\Lenovo\OneDrive - Politeknik Negeri Bandung\Personal Document\JTK\Semester-3\Proyek-3\Proyek-3\Mission-3\writable\session" is not writable by the PHP process.
[Method: GET, Route: login]
in SYSTEMPATH\Session\Handlers\FileHandler.php on line 103.
 1 SYSTEMPATH\Session\Handlers\FileHandler.php(103): CodeIgniter\Session\Exceptions\SessionException::forWriteProtectedSavePath('C:\\Users\\Lenovo\\OneDrive - Politeknik Negeri Bandung\\Personal Document\\JTK\\Semester-3\\Proyek-3\\Proyek-3\\Mission-3\\writable\\session')
 2 [internal function]: CodeIgniter\Session\Handlers\FileHandler->open('C:\\Users\\Lenovo\\OneDrive - Politeknik Negeri Bandung\\Personal Document\\JTK\\Semester-3\\Proyek-3\\Proyek-3\\Mission-3\\writable\\session', 'ci_session')
 3 SYSTEMPATH\Session\Session.php(912): session_start()
 4 SYSTEMPATH\Session\Session.php(243): CodeIgniter\Session\Session->startSession()
 5 SYSTEMPATH\Config\Services.php(715): CodeIgniter\Session\Session->start()
 6 SYSTEMPATH\Config\BaseService.php(312): CodeIgniter\Config\Services::session(Object(Config\Session), false)
 7 SYSTEMPATH\Config\BaseService.php(251): CodeIgniter\Config\BaseService::__callStatic('session', [...])
 8 SYSTEMPATH\Config\Services.php(668): CodeIgniter\Config\BaseService::getSharedInstance('session', null)
 9 SYSTEMPATH\Config\BaseService.php(321): CodeIgniter\Config\Services::session()
10 SYSTEMPATH\Config\BaseService.php(202): CodeIgniter\Config\BaseService::__callStatic('session', [])
11 SYSTEMPATH\Common.php(995): CodeIgniter\Config\BaseService::get('session')
12 SYSTEMPATH\Common.php(968): service('session')
13 APPPATH\Views\login_view.php(19): session()
14 SYSTEMPATH\View\View.php(226): include('C:\\Users\\Lenovo\\OneDrive - Politeknik Negeri Bandung\\Personal Document\\JTK\\Semester-3\\Proyek-3\\Proyek-3\\Mission-3\\app\\Views\\login_view.php')
15 SYSTEMPATH\View\View.php(229): CodeIgniter\View\View->CodeIgniter\View\{closure}()
16 SYSTEMPATH\Common.php(1167): CodeIgniter\View\View->render('login_view', [], true)
17 APPPATH\Controllers\AuthController.php(12): view('login_view')
18 SYSTEMPATH\CodeIgniter.php(933): App\Controllers\AuthController->index()
19 SYSTEMPATH\CodeIgniter.php(507): CodeIgniter\CodeIgniter->runController(Object(App\Controllers\AuthController))
20 SYSTEMPATH\CodeIgniter.php(354): CodeIgniter\CodeIgniter->handleRequest(null, Object(Config\Cache), false)
21 SYSTEMPATH\Boot.php(363): CodeIgniter\CodeIgniter->run()
22 SYSTEMPATH\Boot.php(68): CodeIgniter\Boot::runCodeIgniter(Object(CodeIgniter\CodeIgniter))
23 FCPATH\index.php(59): CodeIgniter\Boot::bootWeb(Object(Config\Paths))
24 SYSTEMPATH\rewrite.php(44): require_once('C:\\Users\\Lenovo\\OneDrive - Politeknik Negeri Bandung\\Personal Document\\JTK\\Semester-3\\Proyek-3\\Proyek-3\\Mission-3\\public\\index.php')
CRITICAL - 2025-09-16 07:45:38 --> CodeIgniter\Session\Exceptions\SessionException: Session: Configured save path "C:\Users\Lenovo\OneDrive - Politeknik Negeri Bandung\Personal Document\JTK\Semester-3\Proyek-3\Proyek-3\Mission-3\writable\session" is not writable by the PHP process.
[Method: GET, Route: login]
in SYSTEMPATH\Session\Handlers\FileHandler.php on line 103.
 1 SYSTEMPATH\Session\Handlers\FileHandler.php(103): CodeIgniter\Session\Exceptions\SessionException::forWriteProtectedSavePath('C:\\Users\\Lenovo\\OneDrive - Politeknik Negeri Bandung\\Personal Document\\JTK\\Semester-3\\Proyek-3\\Proyek-3\\Mission-3\\writable\\session')
 2 [internal function]: CodeIgniter\Session\Handlers\FileHandler->open('C:\\Users\\Lenovo\\OneDrive - Politeknik Negeri Bandung\\Personal Document\\JTK\\Semester-3\\Proyek-3\\Proyek-3\\Mission-3\\writable\\session', 'ci_session')
 3 SYSTEMPATH\Session\Session.php(912): session_start()
 4 SYSTEMPATH\Session\Session.php(243): CodeIgniter\Session\Session->startSession()
 5 SYSTEMPATH\Config\Services.php(715): CodeIgniter\Session\Session->start()
 6 SYSTEMPATH\Config\BaseService.php(312): CodeIgniter\Config\Services::session(Object(Config\Session), false)
 7 SYSTEMPATH\Config\BaseService.php(251): CodeIgniter\Config\BaseService::__callStatic('session', [...])
 8 SYSTEMPATH\Config\Services.php(668): CodeIgniter\Config\BaseService::getSharedInstance('session', null)
 9 SYSTEMPATH\Config\BaseService.php(321): CodeIgniter\Config\Services::session()
10 SYSTEMPATH\Config\BaseService.php(202): CodeIgniter\Config\BaseService::__callStatic('session', [])
11 SYSTEMPATH\Common.php(995): CodeIgniter\Config\BaseService::get('session')
12 SYSTEMPATH\Common.php(968): service('session')
13 APPPATH\Views\login_view.php(19): session()
14 SYSTEMPATH\View\View.php(226): include('C:\\Users\\Lenovo\\OneDrive - Politeknik Negeri Bandung\\Personal Document\\JTK\\Semester-3\\Proyek-3\\Proyek-3\\Mission-3\\app\\Views\\login_view.php')
15 SYSTEMPATH\View\View.php(229): CodeIgniter\View\View->CodeIgniter\View\{closure}()
16 SYSTEMPATH\Common.php(1167): CodeIgniter\View\View->render('login_view', [], true)
17 APPPATH\Controllers\AuthController.php(12): view('login_view')
18 SYSTEMPATH\CodeIgniter.php(933): App\Controllers\AuthController->index()
19 SYSTEMPATH\CodeIgniter.php(507): CodeIgniter\CodeIgniter->runController(Object(App\Controllers\AuthController))
20 SYSTEMPATH\CodeIgniter.php(354): CodeIgniter\CodeIgniter->handleRequest(null, Object(Config\Cache), false)
21 SYSTEMPATH\Boot.php(363): CodeIgniter\CodeIgniter->run()
22 SYSTEMPATH\Boot.php(68): CodeIgniter\Boot::runCodeIgniter(Object(CodeIgniter\CodeIgniter))
23 FCPATH\index.php(59): CodeIgniter\Boot::bootWeb(Object(Config\Paths))
24 SYSTEMPATH\rewrite.php(44): require_once('C:\\Users\\Lenovo\\OneDrive - Politeknik Negeri Bandung\\Personal Document\\JTK\\Semester-3\\Proyek-3\\Proyek-3\\Mission-3\\public\\index.php')
CRITICAL - 2025-09-16 07:47:19 --> CodeIgniter\Session\Exceptions\SessionException: Session: Configured save path "C:\Users\Lenovo\OneDrive - Politeknik Negeri Bandung\Personal Document\JTK\Semester-3\Proyek-3\Proyek-3\Mission-3\writable\session" is not writable by the PHP process.
[Method: GET, Route: /]
in SYSTEMPATH\Session\Handlers\FileHandler.php on line 103.
 1 SYSTEMPATH\Session\Handlers\FileHandler.php(103): CodeIgniter\Session\Exceptions\SessionException::forWriteProtectedSavePath('C:\\Users\\Lenovo\\OneDrive - Politeknik Negeri Bandung\\Personal Document\\JTK\\Semester-3\\Proyek-3\\Proyek-3\\Mission-3\\writable\\session')
 2 [internal function]: CodeIgniter\Session\Handlers\FileHandler->open('C:\\Users\\Lenovo\\OneDrive - Politeknik Negeri Bandung\\Personal Document\\JTK\\Semester-3\\Proyek-3\\Proyek-3\\Mission-3\\writable\\session', 'ci_session')
 3 SYSTEMPATH\Session\Session.php(912): session_start()
 4 SYSTEMPATH\Session\Session.php(243): CodeIgniter\Session\Session->startSession()
 5 SYSTEMPATH\Config\Services.php(715): CodeIgniter\Session\Session->start()
 6 SYSTEMPATH\Config\BaseService.php(312): CodeIgniter\Config\Services::session(Object(Config\Session), false)
 7 SYSTEMPATH\Config\BaseService.php(251): CodeIgniter\Config\BaseService::__callStatic('session', [...])
 8 SYSTEMPATH\Config\Services.php(668): CodeIgniter\Config\BaseService::getSharedInstance('session', null)
 9 SYSTEMPATH\Config\BaseService.php(321): CodeIgniter\Config\Services::session()
10 SYSTEMPATH\Config\BaseService.php(202): CodeIgniter\Config\BaseService::__callStatic('session', [])
11 SYSTEMPATH\Common.php(995): CodeIgniter\Config\BaseService::get('session')
12 SYSTEMPATH\Common.php(968): service('session')
13 APPPATH\Views\template.php(35): session()
14 SYSTEMPATH\View\View.php(226): include('C:\\Users\\Lenovo\\OneDrive - Politeknik Negeri Bandung\\Personal Document\\JTK\\Semester-3\\Proyek-3\\Proyek-3\\Mission-3\\app\\Views\\template.php')
15 SYSTEMPATH\View\View.php(229): CodeIgniter\View\View->CodeIgniter\View\{closure}()
16 SYSTEMPATH\Common.php(1167): CodeIgniter\View\View->render('template', [], true)
17 APPPATH\Controllers\Home.php(14): view('template', [...])
18 SYSTEMPATH\CodeIgniter.php(933): App\Controllers\Home->index()
19 SYSTEMPATH\CodeIgniter.php(507): CodeIgniter\CodeIgniter->runController(Object(App\Controllers\Home))
20 SYSTEMPATH\CodeIgniter.php(354): CodeIgniter\CodeIgniter->handleRequest(null, Object(Config\Cache), false)
21 SYSTEMPATH\Boot.php(363): CodeIgniter\CodeIgniter->run()
22 SYSTEMPATH\Boot.php(68): CodeIgniter\Boot::runCodeIgniter(Object(CodeIgniter\CodeIgniter))
23 FCPATH\index.php(59): CodeIgniter\Boot::bootWeb(Object(Config\Paths))
24 SYSTEMPATH\rewrite.php(44): require_once('C:\\Users\\Lenovo\\OneDrive - Politeknik Negeri Bandung\\Personal Document\\JTK\\Semester-3\\Proyek-3\\Proyek-3\\Mission-3\\public\\index.php')
CRITICAL - 2025-09-16 07:47:31 --> CodeIgniter\Filters\Exceptions\FilterException: "auth" filter must have a matching alias defined.
[Method: GET, Route: home]
in SYSTEMPATH\Filters\Filters.php on line 590.
 1 SYSTEMPATH\Filters\Filters.php(590): CodeIgniter\Filters\Exceptions\FilterException::forNoAlias('auth')
 2 SYSTEMPATH\Filters\Filters.php(641): CodeIgniter\Filters\Filters->enableFilter('auth', 'before')
 3 SYSTEMPATH\CodeIgniter.php(467): CodeIgniter\Filters\Filters->enableFilters([...], 'before')
 4 SYSTEMPATH\CodeIgniter.php(354): CodeIgniter\CodeIgniter->handleRequest(null, Object(Config\Cache), false)
 5 SYSTEMPATH\Boot.php(363): CodeIgniter\CodeIgniter->run()
 6 SYSTEMPATH\Boot.php(68): CodeIgniter\Boot::runCodeIgniter(Object(CodeIgniter\CodeIgniter))
 7 FCPATH\index.php(59): CodeIgniter\Boot::bootWeb(Object(Config\Paths))
 8 SYSTEMPATH\rewrite.php(44): require_once('C:\\Users\\Lenovo\\OneDrive - Politeknik Negeri Bandung\\Personal Document\\JTK\\Semester-3\\Proyek-3\\Proyek-3\\Mission-3\\public\\index.php')
CRITICAL - 2025-09-16 07:48:00 --> CodeIgniter\Filters\Exceptions\FilterException: "auth" filter must have a matching alias defined.
[Method: GET, Route: mahasiswa]
in SYSTEMPATH\Filters\Filters.php on line 590.
 1 SYSTEMPATH\Filters\Filters.php(590): CodeIgniter\Filters\Exceptions\FilterException::forNoAlias('auth')
 2 SYSTEMPATH\Filters\Filters.php(641): CodeIgniter\Filters\Filters->enableFilter('auth', 'before')
 3 SYSTEMPATH\CodeIgniter.php(467): CodeIgniter\Filters\Filters->enableFilters([...], 'before')
 4 SYSTEMPATH\CodeIgniter.php(354): CodeIgniter\CodeIgniter->handleRequest(null, Object(Config\Cache), false)
 5 SYSTEMPATH\Boot.php(363): CodeIgniter\CodeIgniter->run()
 6 SYSTEMPATH\Boot.php(68): CodeIgniter\Boot::runCodeIgniter(Object(CodeIgniter\CodeIgniter))
 7 FCPATH\index.php(59): CodeIgniter\Boot::bootWeb(Object(Config\Paths))
 8 SYSTEMPATH\rewrite.php(44): require_once('C:\\Users\\Lenovo\\OneDrive - Politeknik Negeri Bandung\\Personal Document\\JTK\\Semester-3\\Proyek-3\\Proyek-3\\Mission-3\\public\\index.php')
CRITICAL - 2025-09-16 07:48:23 --> CodeIgniter\Session\Exceptions\SessionException: Session: Configured save path "C:\Users\Lenovo\OneDrive - Politeknik Negeri Bandung\Personal Document\JTK\Semester-3\Proyek-3\Proyek-3\Mission-3\writable\session" is not writable by the PHP process.
[Method: GET, Route: login]
in SYSTEMPATH\Session\Handlers\FileHandler.php on line 103.
 1 SYSTEMPATH\Session\Handlers\FileHandler.php(103): CodeIgniter\Session\Exceptions\SessionException::forWriteProtectedSavePath('C:\\Users\\Lenovo\\OneDrive - Politeknik Negeri Bandung\\Personal Document\\JTK\\Semester-3\\Proyek-3\\Proyek-3\\Mission-3\\writable\\session')
 2 [internal function]: CodeIgniter\Session\Handlers\FileHandler->open('C:\\Users\\Lenovo\\OneDrive - Politeknik Negeri Bandung\\Personal Document\\JTK\\Semester-3\\Proyek-3\\Proyek-3\\Mission-3\\writable\\session', 'ci_session')
 3 SYSTEMPATH\Session\Session.php(912): session_start()
 4 SYSTEMPATH\Session\Session.php(243): CodeIgniter\Session\Session->startSession()
 5 SYSTEMPATH\Config\Services.php(715): CodeIgniter\Session\Session->start()
 6 SYSTEMPATH\Config\BaseService.php(312): CodeIgniter\Config\Services::session(Object(Config\Session), false)
 7 SYSTEMPATH\Config\BaseService.php(251): CodeIgniter\Config\BaseService::__callStatic('session', [...])
 8 SYSTEMPATH\Config\Services.php(668): CodeIgniter\Config\BaseService::getSharedInstance('session', null)
 9 SYSTEMPATH\Config\BaseService.php(321): CodeIgniter\Config\Services::session()
10 SYSTEMPATH\Config\BaseService.php(202): CodeIgniter\Config\BaseService::__callStatic('session', [])
11 SYSTEMPATH\Common.php(995): CodeIgniter\Config\BaseService::get('session')
12 SYSTEMPATH\Common.php(968): service('session')
13 APPPATH\Views\login_view.php(19): session()
14 SYSTEMPATH\View\View.php(226): include('C:\\Users\\Lenovo\\OneDrive - Politeknik Negeri Bandung\\Personal Document\\JTK\\Semester-3\\Proyek-3\\Proyek-3\\Mission-3\\app\\Views\\login_view.php')
15 SYSTEMPATH\View\View.php(229): CodeIgniter\View\View->CodeIgniter\View\{closure}()
16 SYSTEMPATH\Common.php(1167): CodeIgniter\View\View->render('login_view', [], true)
17 APPPATH\Controllers\AuthController.php(12): view('login_view')
18 SYSTEMPATH\CodeIgniter.php(933): App\Controllers\AuthController->index()
19 SYSTEMPATH\CodeIgniter.php(507): CodeIgniter\CodeIgniter->runController(Object(App\Controllers\AuthController))
20 SYSTEMPATH\CodeIgniter.php(354): CodeIgniter\CodeIgniter->handleRequest(null, Object(Config\Cache), false)
21 SYSTEMPATH\Boot.php(363): CodeIgniter\CodeIgniter->run()
22 SYSTEMPATH\Boot.php(68): CodeIgniter\Boot::runCodeIgniter(Object(CodeIgniter\CodeIgniter))
23 FCPATH\index.php(59): CodeIgniter\Boot::bootWeb(Object(Config\Paths))
24 SYSTEMPATH\rewrite.php(44): require_once('C:\\Users\\Lenovo\\OneDrive - Politeknik Negeri Bandung\\Personal Document\\JTK\\Semester-3\\Proyek-3\\Proyek-3\\Mission-3\\public\\index.php')
CRITICAL - 2025-09-16 07:57:14 --> CodeIgniter\Session\Exceptions\SessionException: Session: Configured save path "C:\Users\Lenovo\OneDrive - Politeknik Negeri Bandung\Personal Document\JTK\Semester-3\Proyek-3\Proyek-3\Mission-3\writable\session" is not writable by the PHP process.
[Method: GET, Route: /]
in SYSTEMPATH\Session\Handlers\FileHandler.php on line 103.
 1 SYSTEMPATH\Session\Handlers\FileHandler.php(103): CodeIgniter\Session\Exceptions\SessionException::forWriteProtectedSavePath('C:\\Users\\Lenovo\\OneDrive - Politeknik Negeri Bandung\\Personal Document\\JTK\\Semester-3\\Proyek-3\\Proyek-3\\Mission-3\\writable\\session')
 2 [internal function]: CodeIgniter\Session\Handlers\FileHandler->open('C:\\Users\\Lenovo\\OneDrive - Politeknik Negeri Bandung\\Personal Document\\JTK\\Semester-3\\Proyek-3\\Proyek-3\\Mission-3\\writable\\session', 'ci_session')
 3 SYSTEMPATH\Session\Session.php(912): session_start()
 4 SYSTEMPATH\Session\Session.php(243): CodeIgniter\Session\Session->startSession()
 5 SYSTEMPATH\Config\Services.php(715): CodeIgniter\Session\Session->start()
 6 SYSTEMPATH\Config\BaseService.php(312): CodeIgniter\Config\Services::session(Object(Config\Session), false)
 7 SYSTEMPATH\Config\BaseService.php(251): CodeIgniter\Config\BaseService::__callStatic('session', [...])
 8 SYSTEMPATH\Config\Services.php(668): CodeIgniter\Config\BaseService::getSharedInstance('session', null)
 9 SYSTEMPATH\Config\BaseService.php(321): CodeIgniter\Config\Services::session()
10 SYSTEMPATH\Config\BaseService.php(202): CodeIgniter\Config\BaseService::__callStatic('session', [])
11 SYSTEMPATH\Common.php(995): CodeIgniter\Config\BaseService::get('session')
12 SYSTEMPATH\Common.php(968): service('session')
13 APPPATH\Views\template.php(35): session()
14 SYSTEMPATH\View\View.php(226): include('C:\\Users\\Lenovo\\OneDrive - Politeknik Negeri Bandung\\Personal Document\\JTK\\Semester-3\\Proyek-3\\Proyek-3\\Mission-3\\app\\Views\\template.php')
15 SYSTEMPATH\View\View.php(229): CodeIgniter\View\View->CodeIgniter\View\{closure}()
16 SYSTEMPATH\Common.php(1167): CodeIgniter\View\View->render('template', [], true)
17 APPPATH\Controllers\Home.php(14): view('template', [...])
18 SYSTEMPATH\CodeIgniter.php(933): App\Controllers\Home->index()
19 SYSTEMPATH\CodeIgniter.php(507): CodeIgniter\CodeIgniter->runController(Object(App\Controllers\Home))
20 SYSTEMPATH\CodeIgniter.php(354): CodeIgniter\CodeIgniter->handleRequest(null, Object(Config\Cache), false)
21 SYSTEMPATH\Boot.php(363): CodeIgniter\CodeIgniter->run()
22 SYSTEMPATH\Boot.php(68): CodeIgniter\Boot::runCodeIgniter(Object(CodeIgniter\CodeIgniter))
23 FCPATH\index.php(59): CodeIgniter\Boot::bootWeb(Object(Config\Paths))
24 SYSTEMPATH\rewrite.php(44): require_once('C:\\Users\\Lenovo\\OneDrive - Politeknik Negeri Bandung\\Personal Document\\JTK\\Semester-3\\Proyek-3\\Proyek-3\\Mission-3\\public\\index.php')
CRITICAL - 2025-09-16 07:57:26 --> CodeIgniter\Filters\Exceptions\FilterException: "auth" filter must have a matching alias defined.
[Method: GET, Route: home]
in SYSTEMPATH\Filters\Filters.php on line 590.
 1 SYSTEMPATH\Filters\Filters.php(590): CodeIgniter\Filters\Exceptions\FilterException::forNoAlias('auth')
 2 SYSTEMPATH\Filters\Filters.php(641): CodeIgniter\Filters\Filters->enableFilter('auth', 'before')
 3 SYSTEMPATH\CodeIgniter.php(467): CodeIgniter\Filters\Filters->enableFilters([...], 'before')
 4 SYSTEMPATH\CodeIgniter.php(354): CodeIgniter\CodeIgniter->handleRequest(null, Object(Config\Cache), false)
 5 SYSTEMPATH\Boot.php(363): CodeIgniter\CodeIgniter->run()
 6 SYSTEMPATH\Boot.php(68): CodeIgniter\Boot::runCodeIgniter(Object(CodeIgniter\CodeIgniter))
 7 FCPATH\index.php(59): CodeIgniter\Boot::bootWeb(Object(Config\Paths))
 8 SYSTEMPATH\rewrite.php(44): require_once('C:\\Users\\Lenovo\\OneDrive - Politeknik Negeri Bandung\\Personal Document\\JTK\\Semester-3\\Proyek-3\\Proyek-3\\Mission-3\\public\\index.php')
CRITICAL - 2025-09-16 07:57:40 --> CodeIgniter\Session\Exceptions\SessionException: Session: Configured save path "C:\Users\Lenovo\OneDrive - Politeknik Negeri Bandung\Personal Document\JTK\Semester-3\Proyek-3\Proyek-3\Mission-3\writable\session" is not writable by the PHP process.
[Method: GET, Route: login]
in SYSTEMPATH\Session\Handlers\FileHandler.php on line 103.
 1 SYSTEMPATH\Session\Handlers\FileHandler.php(103): CodeIgniter\Session\Exceptions\SessionException::forWriteProtectedSavePath('C:\\Users\\Lenovo\\OneDrive - Politeknik Negeri Bandung\\Personal Document\\JTK\\Semester-3\\Proyek-3\\Proyek-3\\Mission-3\\writable\\session')
 2 [internal function]: CodeIgniter\Session\Handlers\FileHandler->open('C:\\Users\\Lenovo\\OneDrive - Politeknik Negeri Bandung\\Personal Document\\JTK\\Semester-3\\Proyek-3\\Proyek-3\\Mission-3\\writable\\session', 'ci_session')
 3 SYSTEMPATH\Session\Session.php(912): session_start()
 4 SYSTEMPATH\Session\Session.php(243): CodeIgniter\Session\Session->startSession()
 5 SYSTEMPATH\Config\Services.php(715): CodeIgniter\Session\Session->start()
 6 SYSTEMPATH\Config\BaseService.php(312): CodeIgniter\Config\Services::session(Object(Config\Session), false)
 7 SYSTEMPATH\Config\BaseService.php(251): CodeIgniter\Config\BaseService::__callStatic('session', [...])
 8 SYSTEMPATH\Config\Services.php(668): CodeIgniter\Config\BaseService::getSharedInstance('session', null)
 9 SYSTEMPATH\Config\BaseService.php(321): CodeIgniter\Config\Services::session()
10 SYSTEMPATH\Config\BaseService.php(202): CodeIgniter\Config\BaseService::__callStatic('session', [])
11 SYSTEMPATH\Common.php(995): CodeIgniter\Config\BaseService::get('session')
12 SYSTEMPATH\Common.php(968): service('session')
13 APPPATH\Views\login_view.php(19): session()
14 SYSTEMPATH\View\View.php(226): include('C:\\Users\\Lenovo\\OneDrive - Politeknik Negeri Bandung\\Personal Document\\JTK\\Semester-3\\Proyek-3\\Proyek-3\\Mission-3\\app\\Views\\login_view.php')
15 SYSTEMPATH\View\View.php(229): CodeIgniter\View\View->CodeIgniter\View\{closure}()
16 SYSTEMPATH\Common.php(1167): CodeIgniter\View\View->render('login_view', [], true)
17 APPPATH\Controllers\AuthController.php(12): view('login_view')
18 SYSTEMPATH\CodeIgniter.php(933): App\Controllers\AuthController->index()
19 SYSTEMPATH\CodeIgniter.php(507): CodeIgniter\CodeIgniter->runController(Object(App\Controllers\AuthController))
20 SYSTEMPATH\CodeIgniter.php(354): CodeIgniter\CodeIgniter->handleRequest(null, Object(Config\Cache), false)
21 SYSTEMPATH\Boot.php(363): CodeIgniter\CodeIgniter->run()
22 SYSTEMPATH\Boot.php(68): CodeIgniter\Boot::runCodeIgniter(Object(CodeIgniter\CodeIgniter))
23 FCPATH\index.php(59): CodeIgniter\Boot::bootWeb(Object(Config\Paths))
24 SYSTEMPATH\rewrite.php(44): require_once('C:\\Users\\Lenovo\\OneDrive - Politeknik Negeri Bandung\\Personal Document\\JTK\\Semester-3\\Proyek-3\\Proyek-3\\Mission-3\\public\\index.php')
CRITICAL - 2025-09-16 07:57:47 --> CodeIgniter\Filters\Exceptions\FilterException: "auth" filter must have a matching alias defined.
[Method: GET, Route: home]
in SYSTEMPATH\Filters\Filters.php on line 590.
 1 SYSTEMPATH\Filters\Filters.php(590): CodeIgniter\Filters\Exceptions\FilterException::forNoAlias('auth')
 2 SYSTEMPATH\Filters\Filters.php(641): CodeIgniter\Filters\Filters->enableFilter('auth', 'before')
 3 SYSTEMPATH\CodeIgniter.php(467): CodeIgniter\Filters\Filters->enableFilters([...], 'before')
 4 SYSTEMPATH\CodeIgniter.php(354): CodeIgniter\CodeIgniter->handleRequest(null, Object(Config\Cache), false)
 5 SYSTEMPATH\Boot.php(363): CodeIgniter\CodeIgniter->run()
 6 SYSTEMPATH\Boot.php(68): CodeIgniter\Boot::runCodeIgniter(Object(CodeIgniter\CodeIgniter))
 7 FCPATH\index.php(59): CodeIgniter\Boot::bootWeb(Object(Config\Paths))
 8 SYSTEMPATH\rewrite.php(44): require_once('C:\\Users\\Lenovo\\OneDrive - Politeknik Negeri Bandung\\Personal Document\\JTK\\Semester-3\\Proyek-3\\Proyek-3\\Mission-3\\public\\index.php')
CRITICAL - 2025-09-16 08:02:05 --> CodeIgniter\Session\Exceptions\SessionException: Session: Configured save path "C:\Users\Lenovo\OneDrive - Politeknik Negeri Bandung\Personal Document\JTK\Semester-3\Proyek-3\Proyek-3\Mission-3\writable\session" is not writable by the PHP process.
[Method: GET, Route: /]
in SYSTEMPATH\Session\Handlers\FileHandler.php on line 103.
 1 SYSTEMPATH\Session\Handlers\FileHandler.php(103): CodeIgniter\Session\Exceptions\SessionException::forWriteProtectedSavePath('C:\\Users\\Lenovo\\OneDrive - Politeknik Negeri Bandung\\Personal Document\\JTK\\Semester-3\\Proyek-3\\Proyek-3\\Mission-3\\writable\\session')
 2 [internal function]: CodeIgniter\Session\Handlers\FileHandler->open('C:\\Users\\Lenovo\\OneDrive - Politeknik Negeri Bandung\\Personal Document\\JTK\\Semester-3\\Proyek-3\\Proyek-3\\Mission-3\\writable\\session', 'ci_session')
 3 SYSTEMPATH\Session\Session.php(912): session_start()
 4 SYSTEMPATH\Session\Session.php(243): CodeIgniter\Session\Session->startSession()
 5 SYSTEMPATH\Config\Services.php(715): CodeIgniter\Session\Session->start()
 6 SYSTEMPATH\Config\BaseService.php(312): CodeIgniter\Config\Services::session(Object(Config\Session), false)
 7 SYSTEMPATH\Config\BaseService.php(251): CodeIgniter\Config\BaseService::__callStatic('session', [...])
 8 SYSTEMPATH\Config\Services.php(668): CodeIgniter\Config\BaseService::getSharedInstance('session', null)
 9 SYSTEMPATH\Config\BaseService.php(321): CodeIgniter\Config\Services::session()
10 SYSTEMPATH\Config\BaseService.php(202): CodeIgniter\Config\BaseService::__callStatic('session', [])
11 SYSTEMPATH\Common.php(995): CodeIgniter\Config\BaseService::get('session')
12 SYSTEMPATH\Common.php(968): service('session')
13 APPPATH\Views\template.php(35): session()
14 SYSTEMPATH\View\View.php(226): include('C:\\Users\\Lenovo\\OneDrive - Politeknik Negeri Bandung\\Personal Document\\JTK\\Semester-3\\Proyek-3\\Proyek-3\\Mission-3\\app\\Views\\template.php')
15 SYSTEMPATH\View\View.php(229): CodeIgniter\View\View->CodeIgniter\View\{closure}()
16 SYSTEMPATH\Common.php(1167): CodeIgniter\View\View->render('template', [], true)
17 APPPATH\Controllers\Home.php(14): view('template', [...])
18 SYSTEMPATH\CodeIgniter.php(933): App\Controllers\Home->index()
19 SYSTEMPATH\CodeIgniter.php(507): CodeIgniter\CodeIgniter->runController(Object(App\Controllers\Home))
20 SYSTEMPATH\CodeIgniter.php(354): CodeIgniter\CodeIgniter->handleRequest(null, Object(Config\Cache), false)
21 SYSTEMPATH\Boot.php(363): CodeIgniter\CodeIgniter->run()
22 SYSTEMPATH\Boot.php(68): CodeIgniter\Boot::runCodeIgniter(Object(CodeIgniter\CodeIgniter))
23 FCPATH\index.php(59): CodeIgniter\Boot::bootWeb(Object(Config\Paths))
24 SYSTEMPATH\rewrite.php(44): require_once('C:\\Users\\Lenovo\\OneDrive - Politeknik Negeri Bandung\\Personal Document\\JTK\\Semester-3\\Proyek-3\\Proyek-3\\Mission-3\\public\\index.php')
CRITICAL - 2025-09-16 08:02:12 --> Error: Class "App\Filters\AuthFilter" not found
[Method: GET, Route: home]
in SYSTEMPATH\Filters\Filters.php on line 299.
 1 SYSTEMPATH\Filters\Filters.php(239): CodeIgniter\Filters\Filters->createFilter('App\\Filters\\AuthFilter')
 2 SYSTEMPATH\Filters\Filters.php(221): CodeIgniter\Filters\Filters->runBefore([...])
 3 SYSTEMPATH\CodeIgniter.php(479): CodeIgniter\Filters\Filters->run('home', 'before')
 4 SYSTEMPATH\CodeIgniter.php(354): CodeIgniter\CodeIgniter->handleRequest(null, Object(Config\Cache), false)
 5 SYSTEMPATH\Boot.php(363): CodeIgniter\CodeIgniter->run()
 6 SYSTEMPATH\Boot.php(68): CodeIgniter\Boot::runCodeIgniter(Object(CodeIgniter\CodeIgniter))
 7 FCPATH\index.php(59): CodeIgniter\Boot::bootWeb(Object(Config\Paths))
 8 SYSTEMPATH\rewrite.php(44): require_once('C:\\Users\\Lenovo\\OneDrive - Politeknik Negeri Bandung\\Personal Document\\JTK\\Semester-3\\Proyek-3\\Proyek-3\\Mission-3\\public\\index.php')
CRITICAL - 2025-09-16 08:02:33 --> Error: Class "App\Filters\AuthFilter" not found
[Method: GET, Route: mahasiswa]
in SYSTEMPATH\Filters\Filters.php on line 299.
 1 SYSTEMPATH\Filters\Filters.php(239): CodeIgniter\Filters\Filters->createFilter('App\\Filters\\AuthFilter')
 2 SYSTEMPATH\Filters\Filters.php(221): CodeIgniter\Filters\Filters->runBefore([...])
 3 SYSTEMPATH\CodeIgniter.php(479): CodeIgniter\Filters\Filters->run('mahasiswa', 'before')
 4 SYSTEMPATH\CodeIgniter.php(354): CodeIgniter\CodeIgniter->handleRequest(null, Object(Config\Cache), false)
 5 SYSTEMPATH\Boot.php(363): CodeIgniter\CodeIgniter->run()
 6 SYSTEMPATH\Boot.php(68): CodeIgniter\Boot::runCodeIgniter(Object(CodeIgniter\CodeIgniter))
 7 FCPATH\index.php(59): CodeIgniter\Boot::bootWeb(Object(Config\Paths))
 8 SYSTEMPATH\rewrite.php(44): require_once('C:\\Users\\Lenovo\\OneDrive - Politeknik Negeri Bandung\\Personal Document\\JTK\\Semester-3\\Proyek-3\\Proyek-3\\Mission-3\\public\\index.php')
CRITICAL - 2025-09-16 08:06:06 --> CodeIgniter\Session\Exceptions\SessionException: Session: Configured save path "C:\Users\Lenovo\OneDrive - Politeknik Negeri Bandung\Personal Document\JTK\Semester-3\Proyek-3\Proyek-3\Mission-3\writable\session" is not writable by the PHP process.
[Method: GET, Route: /]
in SYSTEMPATH\Session\Handlers\FileHandler.php on line 103.
 1 SYSTEMPATH\Session\Handlers\FileHandler.php(103): CodeIgniter\Session\Exceptions\SessionException::forWriteProtectedSavePath('C:\\Users\\Lenovo\\OneDrive - Politeknik Negeri Bandung\\Personal Document\\JTK\\Semester-3\\Proyek-3\\Proyek-3\\Mission-3\\writable\\session')
 2 [internal function]: CodeIgniter\Session\Handlers\FileHandler->open('C:\\Users\\Lenovo\\OneDrive - Politeknik Negeri Bandung\\Personal Document\\JTK\\Semester-3\\Proyek-3\\Proyek-3\\Mission-3\\writable\\session', 'ci_session')
 3 SYSTEMPATH\Session\Session.php(912): session_start()
 4 SYSTEMPATH\Session\Session.php(243): CodeIgniter\Session\Session->startSession()
 5 SYSTEMPATH\Config\Services.php(715): CodeIgniter\Session\Session->start()
 6 SYSTEMPATH\Config\BaseService.php(312): CodeIgniter\Config\Services::session(Object(Config\Session), false)
 7 SYSTEMPATH\Config\BaseService.php(251): CodeIgniter\Config\BaseService::__callStatic('session', [...])
 8 SYSTEMPATH\Config\Services.php(668): CodeIgniter\Config\BaseService::getSharedInstance('session', null)
 9 SYSTEMPATH\Config\BaseService.php(321): CodeIgniter\Config\Services::session()
10 SYSTEMPATH\Config\BaseService.php(202): CodeIgniter\Config\BaseService::__callStatic('session', [])
11 SYSTEMPATH\Common.php(995): CodeIgniter\Config\BaseService::get('session')
12 SYSTEMPATH\Common.php(968): service('session')
13 APPPATH\Views\template.php(35): session()
14 SYSTEMPATH\View\View.php(226): include('C:\\Users\\Lenovo\\OneDrive - Politeknik Negeri Bandung\\Personal Document\\JTK\\Semester-3\\Proyek-3\\Proyek-3\\Mission-3\\app\\Views\\template.php')
15 SYSTEMPATH\View\View.php(229): CodeIgniter\View\View->CodeIgniter\View\{closure}()
16 SYSTEMPATH\Common.php(1167): CodeIgniter\View\View->render('template', [], true)
17 APPPATH\Controllers\Home.php(14): view('template', [...])
18 SYSTEMPATH\CodeIgniter.php(933): App\Controllers\Home->index()
19 SYSTEMPATH\CodeIgniter.php(507): CodeIgniter\CodeIgniter->runController(Object(App\Controllers\Home))
20 SYSTEMPATH\CodeIgniter.php(354): CodeIgniter\CodeIgniter->handleRequest(null, Object(Config\Cache), false)
21 SYSTEMPATH\Boot.php(363): CodeIgniter\CodeIgniter->run()
22 SYSTEMPATH\Boot.php(68): CodeIgniter\Boot::runCodeIgniter(Object(CodeIgniter\CodeIgniter))
23 FCPATH\index.php(59): CodeIgniter\Boot::bootWeb(Object(Config\Paths))
24 SYSTEMPATH\rewrite.php(44): require_once('C:\\Users\\Lenovo\\OneDrive - Politeknik Negeri Bandung\\Personal Document\\JTK\\Semester-3\\Proyek-3\\Proyek-3\\Mission-3\\public\\index.php')
CRITICAL - 2025-09-16 08:06:27 --> CodeIgniter\Session\Exceptions\SessionException: Session: Configured save path "C:\Users\Lenovo\OneDrive - Politeknik Negeri Bandung\Personal Document\JTK\Semester-3\Proyek-3\Proyek-3\Mission-3\writable\session" is not writable by the PHP process.
[Method: GET, Route: mahasiswa]
in SYSTEMPATH\Session\Handlers\FileHandler.php on line 103.
 1 SYSTEMPATH\Session\Handlers\FileHandler.php(103): CodeIgniter\Session\Exceptions\SessionException::forWriteProtectedSavePath('C:\\Users\\Lenovo\\OneDrive - Politeknik Negeri Bandung\\Personal Document\\JTK\\Semester-3\\Proyek-3\\Proyek-3\\Mission-3\\writable\\session')
 2 [internal function]: CodeIgniter\Session\Handlers\FileHandler->open('C:\\Users\\Lenovo\\OneDrive - Politeknik Negeri Bandung\\Personal Document\\JTK\\Semester-3\\Proyek-3\\Proyek-3\\Mission-3\\writable\\session', 'ci_session')
 3 SYSTEMPATH\Session\Session.php(912): session_start()
 4 SYSTEMPATH\Session\Session.php(243): CodeIgniter\Session\Session->startSession()
 5 SYSTEMPATH\Config\Services.php(715): CodeIgniter\Session\Session->start()
 6 SYSTEMPATH\Config\BaseService.php(312): CodeIgniter\Config\Services::session(Object(Config\Session), false)
 7 SYSTEMPATH\Config\BaseService.php(251): CodeIgniter\Config\BaseService::__callStatic('session', [...])
 8 SYSTEMPATH\Config\Services.php(668): CodeIgniter\Config\BaseService::getSharedInstance('session', null)
 9 SYSTEMPATH\Config\BaseService.php(321): CodeIgniter\Config\Services::session()
10 SYSTEMPATH\Config\BaseService.php(202): CodeIgniter\Config\BaseService::__callStatic('session', [])
11 SYSTEMPATH\Common.php(995): CodeIgniter\Config\BaseService::get('session')
12 SYSTEMPATH\Common.php(968): service('session')
13 APPPATH\Filters\AuthFilter.php(22): session()
14 SYSTEMPATH\Filters\Filters.php(241): App\Filters\AuthFilter->before(Object(CodeIgniter\HTTP\IncomingRequest), null)
15 SYSTEMPATH\Filters\Filters.php(221): CodeIgniter\Filters\Filters->runBefore([...])
16 SYSTEMPATH\CodeIgniter.php(479): CodeIgniter\Filters\Filters->run('mahasiswa', 'before')
17 SYSTEMPATH\CodeIgniter.php(354): CodeIgniter\CodeIgniter->handleRequest(null, Object(Config\Cache), false)
18 SYSTEMPATH\Boot.php(363): CodeIgniter\CodeIgniter->run()
19 SYSTEMPATH\Boot.php(68): CodeIgniter\Boot::runCodeIgniter(Object(CodeIgniter\CodeIgniter))
20 FCPATH\index.php(59): CodeIgniter\Boot::bootWeb(Object(Config\Paths))
21 SYSTEMPATH\rewrite.php(44): require_once('C:\\Users\\Lenovo\\OneDrive - Politeknik Negeri Bandung\\Personal Document\\JTK\\Semester-3\\Proyek-3\\Proyek-3\\Mission-3\\public\\index.php')
CRITICAL - 2025-09-16 08:06:46 --> CodeIgniter\Session\Exceptions\SessionException: Session: Configured save path "C:\Users\Lenovo\OneDrive - Politeknik Negeri Bandung\Personal Document\JTK\Semester-3\Proyek-3\Proyek-3\Mission-3\writable\session" is not writable by the PHP process.
[Method: GET, Route: login]
in SYSTEMPATH\Session\Handlers\FileHandler.php on line 103.
 1 SYSTEMPATH\Session\Handlers\FileHandler.php(103): CodeIgniter\Session\Exceptions\SessionException::forWriteProtectedSavePath('C:\\Users\\Lenovo\\OneDrive - Politeknik Negeri Bandung\\Personal Document\\JTK\\Semester-3\\Proyek-3\\Proyek-3\\Mission-3\\writable\\session')
 2 [internal function]: CodeIgniter\Session\Handlers\FileHandler->open('C:\\Users\\Lenovo\\OneDrive - Politeknik Negeri Bandung\\Personal Document\\JTK\\Semester-3\\Proyek-3\\Proyek-3\\Mission-3\\writable\\session', 'ci_session')
 3 SYSTEMPATH\Session\Session.php(912): session_start()
 4 SYSTEMPATH\Session\Session.php(243): CodeIgniter\Session\Session->startSession()
 5 SYSTEMPATH\Config\Services.php(715): CodeIgniter\Session\Session->start()
 6 SYSTEMPATH\Config\BaseService.php(312): CodeIgniter\Config\Services::session(Object(Config\Session), false)
 7 SYSTEMPATH\Config\BaseService.php(251): CodeIgniter\Config\BaseService::__callStatic('session', [...])
 8 SYSTEMPATH\Config\Services.php(668): CodeIgniter\Config\BaseService::getSharedInstance('session', null)
 9 SYSTEMPATH\Config\BaseService.php(321): CodeIgniter\Config\Services::session()
10 SYSTEMPATH\Config\BaseService.php(202): CodeIgniter\Config\BaseService::__callStatic('session', [])
11 SYSTEMPATH\Common.php(995): CodeIgniter\Config\BaseService::get('session')
12 SYSTEMPATH\Common.php(968): service('session')
13 APPPATH\Views\login_view.php(19): session()
14 SYSTEMPATH\View\View.php(226): include('C:\\Users\\Lenovo\\OneDrive - Politeknik Negeri Bandung\\Personal Document\\JTK\\Semester-3\\Proyek-3\\Proyek-3\\Mission-3\\app\\Views\\login_view.php')
15 SYSTEMPATH\View\View.php(229): CodeIgniter\View\View->CodeIgniter\View\{closure}()
16 SYSTEMPATH\Common.php(1167): CodeIgniter\View\View->render('login_view', [], true)
17 APPPATH\Controllers\AuthController.php(12): view('login_view')
18 SYSTEMPATH\CodeIgniter.php(933): App\Controllers\AuthController->index()
19 SYSTEMPATH\CodeIgniter.php(507): CodeIgniter\CodeIgniter->runController(Object(App\Controllers\AuthController))
20 SYSTEMPATH\CodeIgniter.php(354): CodeIgniter\CodeIgniter->handleRequest(null, Object(Config\Cache), false)
21 SYSTEMPATH\Boot.php(363): CodeIgniter\CodeIgniter->run()
22 SYSTEMPATH\Boot.php(68): CodeIgniter\Boot::runCodeIgniter(Object(CodeIgniter\CodeIgniter))
23 FCPATH\index.php(59): CodeIgniter\Boot::bootWeb(Object(Config\Paths))
24 SYSTEMPATH\rewrite.php(44): require_once('C:\\Users\\Lenovo\\OneDrive - Politeknik Negeri Bandung\\Personal Document\\JTK\\Semester-3\\Proyek-3\\Proyek-3\\Mission-3\\public\\index.php')
CRITICAL - 2025-09-16 08:06:51 --> CodeIgniter\Session\Exceptions\SessionException: Session: Configured save path "C:\Users\Lenovo\OneDrive - Politeknik Negeri Bandung\Personal Document\JTK\Semester-3\Proyek-3\Proyek-3\Mission-3\writable\session" is not writable by the PHP process.
[Method: GET, Route: home]
in SYSTEMPATH\Session\Handlers\FileHandler.php on line 103.
 1 SYSTEMPATH\Session\Handlers\FileHandler.php(103): CodeIgniter\Session\Exceptions\SessionException::forWriteProtectedSavePath('C:\\Users\\Lenovo\\OneDrive - Politeknik Negeri Bandung\\Personal Document\\JTK\\Semester-3\\Proyek-3\\Proyek-3\\Mission-3\\writable\\session')
 2 [internal function]: CodeIgniter\Session\Handlers\FileHandler->open('C:\\Users\\Lenovo\\OneDrive - Politeknik Negeri Bandung\\Personal Document\\JTK\\Semester-3\\Proyek-3\\Proyek-3\\Mission-3\\writable\\session', 'ci_session')
 3 SYSTEMPATH\Session\Session.php(912): session_start()
 4 SYSTEMPATH\Session\Session.php(243): CodeIgniter\Session\Session->startSession()
 5 SYSTEMPATH\Config\Services.php(715): CodeIgniter\Session\Session->start()
 6 SYSTEMPATH\Config\BaseService.php(312): CodeIgniter\Config\Services::session(Object(Config\Session), false)
 7 SYSTEMPATH\Config\BaseService.php(251): CodeIgniter\Config\BaseService::__callStatic('session', [...])
 8 SYSTEMPATH\Config\Services.php(668): CodeIgniter\Config\BaseService::getSharedInstance('session', null)
 9 SYSTEMPATH\Config\BaseService.php(321): CodeIgniter\Config\Services::session()
10 SYSTEMPATH\Config\BaseService.php(202): CodeIgniter\Config\BaseService::__callStatic('session', [])
11 SYSTEMPATH\Common.php(995): CodeIgniter\Config\BaseService::get('session')
12 SYSTEMPATH\Common.php(968): service('session')
13 APPPATH\Filters\AuthFilter.php(22): session()
14 SYSTEMPATH\Filters\Filters.php(241): App\Filters\AuthFilter->before(Object(CodeIgniter\HTTP\IncomingRequest), null)
15 SYSTEMPATH\Filters\Filters.php(221): CodeIgniter\Filters\Filters->runBefore([...])
16 SYSTEMPATH\CodeIgniter.php(479): CodeIgniter\Filters\Filters->run('home', 'before')
17 SYSTEMPATH\CodeIgniter.php(354): CodeIgniter\CodeIgniter->handleRequest(null, Object(Config\Cache), false)
18 SYSTEMPATH\Boot.php(363): CodeIgniter\CodeIgniter->run()
19 SYSTEMPATH\Boot.php(68): CodeIgniter\Boot::runCodeIgniter(Object(CodeIgniter\CodeIgniter))
20 FCPATH\index.php(59): CodeIgniter\Boot::bootWeb(Object(Config\Paths))
21 SYSTEMPATH\rewrite.php(44): require_once('C:\\Users\\Lenovo\\OneDrive - Politeknik Negeri Bandung\\Personal Document\\JTK\\Semester-3\\Proyek-3\\Proyek-3\\Mission-3\\public\\index.php')
CRITICAL - 2025-09-16 08:06:59 --> CodeIgniter\Session\Exceptions\SessionException: Session: Configured save path "C:\Users\Lenovo\OneDrive - Politeknik Negeri Bandung\Personal Document\JTK\Semester-3\Proyek-3\Proyek-3\Mission-3\writable\session" is not writable by the PHP process.
[Method: GET, Route: mahasiswa]
in SYSTEMPATH\Session\Handlers\FileHandler.php on line 103.
 1 SYSTEMPATH\Session\Handlers\FileHandler.php(103): CodeIgniter\Session\Exceptions\SessionException::forWriteProtectedSavePath('C:\\Users\\Lenovo\\OneDrive - Politeknik Negeri Bandung\\Personal Document\\JTK\\Semester-3\\Proyek-3\\Proyek-3\\Mission-3\\writable\\session')
 2 [internal function]: CodeIgniter\Session\Handlers\FileHandler->open('C:\\Users\\Lenovo\\OneDrive - Politeknik Negeri Bandung\\Personal Document\\JTK\\Semester-3\\Proyek-3\\Proyek-3\\Mission-3\\writable\\session', 'ci_session')
 3 SYSTEMPATH\Session\Session.php(912): session_start()
 4 SYSTEMPATH\Session\Session.php(243): CodeIgniter\Session\Session->startSession()
 5 SYSTEMPATH\Config\Services.php(715): CodeIgniter\Session\Session->start()
 6 SYSTEMPATH\Config\BaseService.php(312): CodeIgniter\Config\Services::session(Object(Config\Session), false)
 7 SYSTEMPATH\Config\BaseService.php(251): CodeIgniter\Config\BaseService::__callStatic('session', [...])
 8 SYSTEMPATH\Config\Services.php(668): CodeIgniter\Config\BaseService::getSharedInstance('session', null)
 9 SYSTEMPATH\Config\BaseService.php(321): CodeIgniter\Config\Services::session()
10 SYSTEMPATH\Config\BaseService.php(202): CodeIgniter\Config\BaseService::__callStatic('session', [])
11 SYSTEMPATH\Common.php(995): CodeIgniter\Config\BaseService::get('session')
12 SYSTEMPATH\Common.php(968): service('session')
13 APPPATH\Filters\AuthFilter.php(22): session()
14 SYSTEMPATH\Filters\Filters.php(241): App\Filters\AuthFilter->before(Object(CodeIgniter\HTTP\IncomingRequest), null)
15 SYSTEMPATH\Filters\Filters.php(221): CodeIgniter\Filters\Filters->runBefore([...])
16 SYSTEMPATH\CodeIgniter.php(479): CodeIgniter\Filters\Filters->run('mahasiswa', 'before')
17 SYSTEMPATH\CodeIgniter.php(354): CodeIgniter\CodeIgniter->handleRequest(null, Object(Config\Cache), false)
18 SYSTEMPATH\Boot.php(363): CodeIgniter\CodeIgniter->run()
19 SYSTEMPATH\Boot.php(68): CodeIgniter\Boot::runCodeIgniter(Object(CodeIgniter\CodeIgniter))
20 FCPATH\index.php(59): CodeIgniter\Boot::bootWeb(Object(Config\Paths))
21 SYSTEMPATH\rewrite.php(44): require_once('C:\\Users\\Lenovo\\OneDrive - Politeknik Negeri Bandung\\Personal Document\\JTK\\Semester-3\\Proyek-3\\Proyek-3\\Mission-3\\public\\index.php')
CRITICAL - 2025-09-16 08:10:44 --> CodeIgniter\Session\Exceptions\SessionException: Session: Configured save path "C:\Users\Lenovo\OneDrive - Politeknik Negeri Bandung\Personal Document\JTK\Semester-3\Proyek-3\Proyek-3\Mission-3\writable\session" is not writable by the PHP process.
[Method: GET, Route: /]
in SYSTEMPATH\Session\Handlers\FileHandler.php on line 103.
 1 SYSTEMPATH\Session\Handlers\FileHandler.php(103): CodeIgniter\Session\Exceptions\SessionException::forWriteProtectedSavePath('C:\\Users\\Lenovo\\OneDrive - Politeknik Negeri Bandung\\Personal Document\\JTK\\Semester-3\\Proyek-3\\Proyek-3\\Mission-3\\writable\\session')
 2 [internal function]: CodeIgniter\Session\Handlers\FileHandler->open('C:\\Users\\Lenovo\\OneDrive - Politeknik Negeri Bandung\\Personal Document\\JTK\\Semester-3\\Proyek-3\\Proyek-3\\Mission-3\\writable\\session', 'ci_session')
 3 SYSTEMPATH\Session\Session.php(912): session_start()
 4 SYSTEMPATH\Session\Session.php(243): CodeIgniter\Session\Session->startSession()
 5 SYSTEMPATH\Config\Services.php(715): CodeIgniter\Session\Session->start()
 6 SYSTEMPATH\Config\BaseService.php(312): CodeIgniter\Config\Services::session(Object(Config\Session), false)
 7 SYSTEMPATH\Config\BaseService.php(251): CodeIgniter\Config\BaseService::__callStatic('session', [...])
 8 SYSTEMPATH\Config\Services.php(668): CodeIgniter\Config\BaseService::getSharedInstance('session', null)
 9 SYSTEMPATH\Config\BaseService.php(321): CodeIgniter\Config\Services::session()
10 SYSTEMPATH\Config\BaseService.php(202): CodeIgniter\Config\BaseService::__callStatic('session', [])
11 SYSTEMPATH\Common.php(995): CodeIgniter\Config\BaseService::get('session')
12 SYSTEMPATH\Common.php(968): service('session')
13 APPPATH\Views\template.php(35): session()
14 SYSTEMPATH\View\View.php(226): include('C:\\Users\\Lenovo\\OneDrive - Politeknik Negeri Bandung\\Personal Document\\JTK\\Semester-3\\Proyek-3\\Proyek-3\\Mission-3\\app\\Views\\template.php')
15 SYSTEMPATH\View\View.php(229): CodeIgniter\View\View->CodeIgniter\View\{closure}()
16 SYSTEMPATH\Common.php(1167): CodeIgniter\View\View->render('template', [], true)
17 APPPATH\Controllers\Home.php(14): view('template', [...])
18 SYSTEMPATH\CodeIgniter.php(933): App\Controllers\Home->index()
19 SYSTEMPATH\CodeIgniter.php(507): CodeIgniter\CodeIgniter->runController(Object(App\Controllers\Home))
20 SYSTEMPATH\CodeIgniter.php(354): CodeIgniter\CodeIgniter->handleRequest(null, Object(Config\Cache), false)
21 SYSTEMPATH\Boot.php(363): CodeIgniter\CodeIgniter->run()
22 SYSTEMPATH\Boot.php(68): CodeIgniter\Boot::runCodeIgniter(Object(CodeIgniter\CodeIgniter))
23 FCPATH\index.php(59): CodeIgniter\Boot::bootWeb(Object(Config\Paths))
24 SYSTEMPATH\rewrite.php(44): require_once('C:\\Users\\Lenovo\\OneDrive - Politeknik Negeri Bandung\\Personal Document\\JTK\\Semester-3\\Proyek-3\\Proyek-3\\Mission-3\\public\\index.php')
CRITICAL - 2025-09-16 08:10:55 --> CodeIgniter\Session\Exceptions\SessionException: Session: Configured save path "C:\Users\Lenovo\OneDrive - Politeknik Negeri Bandung\Personal Document\JTK\Semester-3\Proyek-3\Proyek-3\Mission-3\writable\session" is not writable by the PHP process.
[Method: GET, Route: mahasiswa]
in SYSTEMPATH\Session\Handlers\FileHandler.php on line 103.
 1 SYSTEMPATH\Session\Handlers\FileHandler.php(103): CodeIgniter\Session\Exceptions\SessionException::forWriteProtectedSavePath('C:\\Users\\Lenovo\\OneDrive - Politeknik Negeri Bandung\\Personal Document\\JTK\\Semester-3\\Proyek-3\\Proyek-3\\Mission-3\\writable\\session')
 2 [internal function]: CodeIgniter\Session\Handlers\FileHandler->open('C:\\Users\\Lenovo\\OneDrive - Politeknik Negeri Bandung\\Personal Document\\JTK\\Semester-3\\Proyek-3\\Proyek-3\\Mission-3\\writable\\session', 'ci_session')
 3 SYSTEMPATH\Session\Session.php(912): session_start()
 4 SYSTEMPATH\Session\Session.php(243): CodeIgniter\Session\Session->startSession()
 5 SYSTEMPATH\Config\Services.php(715): CodeIgniter\Session\Session->start()
 6 SYSTEMPATH\Config\BaseService.php(312): CodeIgniter\Config\Services::session(Object(Config\Session), false)
 7 SYSTEMPATH\Config\BaseService.php(251): CodeIgniter\Config\BaseService::__callStatic('session', [...])
 8 SYSTEMPATH\Config\Services.php(668): CodeIgniter\Config\BaseService::getSharedInstance('session', null)
 9 SYSTEMPATH\Config\BaseService.php(321): CodeIgniter\Config\Services::session()
10 SYSTEMPATH\Config\BaseService.php(202): CodeIgniter\Config\BaseService::__callStatic('session', [])
11 SYSTEMPATH\Common.php(995): CodeIgniter\Config\BaseService::get('session')
12 SYSTEMPATH\Common.php(968): service('session')
13 APPPATH\Filters\AuthFilter.php(22): session()
14 SYSTEMPATH\Filters\Filters.php(241): App\Filters\AuthFilter->before(Object(CodeIgniter\HTTP\IncomingRequest), null)
15 SYSTEMPATH\Filters\Filters.php(221): CodeIgniter\Filters\Filters->runBefore([...])
16 SYSTEMPATH\CodeIgniter.php(479): CodeIgniter\Filters\Filters->run('mahasiswa', 'before')
17 SYSTEMPATH\CodeIgniter.php(354): CodeIgniter\CodeIgniter->handleRequest(null, Object(Config\Cache), false)
18 SYSTEMPATH\Boot.php(363): CodeIgniter\CodeIgniter->run()
19 SYSTEMPATH\Boot.php(68): CodeIgniter\Boot::runCodeIgniter(Object(CodeIgniter\CodeIgniter))
20 FCPATH\index.php(59): CodeIgniter\Boot::bootWeb(Object(Config\Paths))
21 SYSTEMPATH\rewrite.php(44): require_once('C:\\Users\\Lenovo\\OneDrive - Politeknik Negeri Bandung\\Personal Document\\JTK\\Semester-3\\Proyek-3\\Proyek-3\\Mission-3\\public\\index.php')
CRITICAL - 2025-09-16 08:11:04 --> CodeIgniter\Session\Exceptions\SessionException: Session: Configured save path "C:\Users\Lenovo\OneDrive - Politeknik Negeri Bandung\Personal Document\JTK\Semester-3\Proyek-3\Proyek-3\Mission-3\writable\session" is not writable by the PHP process.
[Method: GET, Route: login]
in SYSTEMPATH\Session\Handlers\FileHandler.php on line 103.
 1 SYSTEMPATH\Session\Handlers\FileHandler.php(103): CodeIgniter\Session\Exceptions\SessionException::forWriteProtectedSavePath('C:\\Users\\Lenovo\\OneDrive - Politeknik Negeri Bandung\\Personal Document\\JTK\\Semester-3\\Proyek-3\\Proyek-3\\Mission-3\\writable\\session')
 2 [internal function]: CodeIgniter\Session\Handlers\FileHandler->open('C:\\Users\\Lenovo\\OneDrive - Politeknik Negeri Bandung\\Personal Document\\JTK\\Semester-3\\Proyek-3\\Proyek-3\\Mission-3\\writable\\session', 'ci_session')
 3 SYSTEMPATH\Session\Session.php(912): session_start()
 4 SYSTEMPATH\Session\Session.php(243): CodeIgniter\Session\Session->startSession()
 5 SYSTEMPATH\Config\Services.php(715): CodeIgniter\Session\Session->start()
 6 SYSTEMPATH\Config\BaseService.php(312): CodeIgniter\Config\Services::session(Object(Config\Session), false)
 7 SYSTEMPATH\Config\BaseService.php(251): CodeIgniter\Config\BaseService::__callStatic('session', [...])
 8 SYSTEMPATH\Config\Services.php(668): CodeIgniter\Config\BaseService::getSharedInstance('session', null)
 9 SYSTEMPATH\Config\BaseService.php(321): CodeIgniter\Config\Services::session()
10 SYSTEMPATH\Config\BaseService.php(202): CodeIgniter\Config\BaseService::__callStatic('session', [])
11 SYSTEMPATH\Common.php(995): CodeIgniter\Config\BaseService::get('session')
12 SYSTEMPATH\Common.php(968): service('session')
13 APPPATH\Views\login_view.php(19): session()
14 SYSTEMPATH\View\View.php(226): include('C:\\Users\\Lenovo\\OneDrive - Politeknik Negeri Bandung\\Personal Document\\JTK\\Semester-3\\Proyek-3\\Proyek-3\\Mission-3\\app\\Views\\login_view.php')
15 SYSTEMPATH\View\View.php(229): CodeIgniter\View\View->CodeIgniter\View\{closure}()
16 SYSTEMPATH\Common.php(1167): CodeIgniter\View\View->render('login_view', [], true)
17 APPPATH\Controllers\AuthController.php(12): view('login_view')
18 SYSTEMPATH\CodeIgniter.php(933): App\Controllers\AuthController->index()
19 SYSTEMPATH\CodeIgniter.php(507): CodeIgniter\CodeIgniter->runController(Object(App\Controllers\AuthController))
20 SYSTEMPATH\CodeIgniter.php(354): CodeIgniter\CodeIgniter->handleRequest(null, Object(Config\Cache), false)
21 SYSTEMPATH\Boot.php(363): CodeIgniter\CodeIgniter->run()
22 SYSTEMPATH\Boot.php(68): CodeIgniter\Boot::runCodeIgniter(Object(CodeIgniter\CodeIgniter))
23 FCPATH\index.php(59): CodeIgniter\Boot::bootWeb(Object(Config\Paths))
24 SYSTEMPATH\rewrite.php(44): require_once('C:\\Users\\Lenovo\\OneDrive - Politeknik Negeri Bandung\\Personal Document\\JTK\\Semester-3\\Proyek-3\\Proyek-3\\Mission-3\\public\\index.php')
